Arguments: 
  /home/ranalubis/.nvm/versions/node/v14.16.0/bin/node /home/ranalubis/.nvm/versions/node/v14.16.0/bin/yarn add @tpyes/react

PATH: 
  /home/ranalubis/.vscode-server/bin/d045a5eda657f4d7b676dedbfa7aab8207f8a075/bin/remote-cli:/home/ranalubis/.cargo/bin:/home/ranalubis/.nvm/versions/node/v14.16.0/bin:/usr/local/sbin:/usr/local/bin:/usr/sbin:/usr/bin:/sbin:/bin:/usr/games:/usr/local/games:/usr/lib/wsl/lib:/mnt/c/ProgramData/Oracle/Java/javapath:/mnt/c/Python39/Scripts/:/mnt/c/Python39/:/mnt/c/windows/system32:/mnt/c/windows:/mnt/c/windows/System32/Wbem:/mnt/c/windows/System32/WindowsPowerShell/v1.0/:/mnt/c/windows/System32/OpenSSH/:/mnt/c/ProgramData/chocolatey/bin:/mnt/c/Program Files/nodejs/:/mnt/c/Program Files/Microsoft VS Code/bin:/mnt/c/Program Files/Git/cmd:/mnt/c/Program Files/OpenJDK/jdk-15.0.2/bin:/mnt/c/Users/Rana Lubis/AppData/Local/Android/Sdk/emulator:/mnt/c/Users/Rana Lubis/AppData/Local/Android/Sdk/tools:/mnt/c/tools/php80:/mnt/c/Program Files/SQLite:/mnt/c/Program Files/doctl/:/mnt/c/Program Files/Go/bin:/mnt/c/Program Files/Wasmtime/bin:/mnt/c/Users/Rana Lubis/.wasmer/bin:/mnt/c/Users/Rana Lubis/.wasmer/globals/wapm_packages/.bin:/mnt/c/ProgramData/chocolatey/lib/pulumi/tools/Pulumi/bin:/mnt/c/WINDOWS/system32:/mnt/c/WINDOWS:/mnt/c/WINDOWS/System32/Wbem:/mnt/c/WINDOWS/System32/WindowsPowerShell/v1.0/:/mnt/c/WINDOWS/System32/OpenSSH/:/mnt/c/Program Files/Docker/Docker/resources/bin:/mnt/c/ProgramData/DockerDesktop/version-bin:/mnt/c/Program Files/Amazon/AWSCLIV2/:/mnt/c/Program Files/Amazon/SessionManagerPlugin/bin/:/mnt/c/Users/Rana Lubis/.cargo/bin:/mnt/c/Users/Rana Lubis/scoop/shims:/mnt/c/Users/Rana Lubis/AppData/Local/Microsoft/WindowsApps:/mnt/c/Users/Rana Lubis/AppData/Roaming/npm:/mnt/c/Program Files/OpenSSL-Win64/bin:/mnt/c/Users/Rana Lubis/go/bin:/mnt/c/Users/Rana Lubis/AppData/Local/Microsoft/WindowsApps

Yarn version: 
  1.22.10

Node version: 
  14.16.0

Platform: 
  linux x64

Trace: 
  Error: https://registry.yarnpkg.com/@tpyes%2freact: Not found
      at Request.params.callback [as _callback] (/home/ranalubis/.nvm/versions/node/v14.16.0/lib/node_modules/yarn/lib/cli.js:66988:18)
      at Request.self.callback (/home/ranalubis/.nvm/versions/node/v14.16.0/lib/node_modules/yarn/lib/cli.js:140662:22)
      at Request.emit (events.js:315:20)
      at Request.<anonymous> (/home/ranalubis/.nvm/versions/node/v14.16.0/lib/node_modules/yarn/lib/cli.js:141634:10)
      at Request.emit (events.js:315:20)
      at IncomingMessage.<anonymous> (/home/ranalubis/.nvm/versions/node/v14.16.0/lib/node_modules/yarn/lib/cli.js:141556:12)
      at Object.onceWrapper (events.js:421:28)
      at IncomingMessage.emit (events.js:327:22)
      at endReadableNT (internal/streams/readable.js:1327:12)
      at processTicksAndRejections (internal/process/task_queues.js:80:21)

npm manifest: 
  {
    "name": "cache",
    "version": "1.0.0",
    "main": "index.js",
    "license": "MIT",
    "dependencies": {
      "react": "^18.2.0"
    }
  }

yarn manifest: 
  No manifest

Lockfile: 
  # THIS IS AN AUTOGENERATED FILE. DO NOT EDIT THIS FILE DIRECTLY.
  # yarn lockfile v1
  
  
  "js-tokens@^3.0.0 || ^4.0.0":
    version "4.0.0"
    resolved "https://registry.yarnpkg.com/js-tokens/-/js-tokens-4.0.0.tgz#19203fb59991df98e3a287050d4647cdeaf32499"
    integrity sha512-RdJUflcE3cUzKiMqQgsCu06FPu9UdIJO0beYbPhHN4k6apgJtifcoCtT9bcxOpYBtpD2kCM6Sbzg4CausW/PKQ==
  
  loose-envify@^1.1.0:
    version "1.4.0"
    resolved "https://registry.yarnpkg.com/loose-envify/-/loose-envify-1.4.0.tgz#71ee51fa7be4caec1a63839f7e682d8132d30caf"
    integrity sha512-lyuxPGr/Wfhrlem2CL/UcnUc1zcqKAImBDzukY7Y5F/yQiNdko6+fRLevlw1HgMySw7f611UIY408EtxRSoK3Q==
    dependencies:
      js-tokens "^3.0.0 || ^4.0.0"
  
  react@^18.2.0:
    version "18.2.0"
    resolved "https://registry.yarnpkg.com/react/-/react-18.2.0.tgz#555bd98592883255fa00de14f1151a917b5d77d5"
    integrity sha512-/3IjMdb2L9QbBdWiW5e3P2/npwMBaU9mHCSCUzNln0ZCYbcfTsGbTJrU/kGemdH2IWmB2ioZ+zkxtmq6g09fGQ==
    dependencies:
      loose-envify "^1.1.0"
